{"/home/vtumanov/repo/dsa/src/graph/implementation.ts": {"path":"/home/vtumanov/repo/dsa/src/graph/implementation.ts","all":false,"statementMap":{"0":{"start":{"line":1,"column":0},"end":{"line":1,"column":61}},"1":{"start":{"line":2,"column":0},"end":{"line":2,"column":0}},"2":{"start":{"line":3,"column":0},"end":{"line":3,"column":65}},"3":{"start":{"line":4,"column":0},"end":{"line":4,"column":8}},"4":{"start":{"line":5,"column":0},"end":{"line":5,"column":17}},"5":{"start":{"line":6,"column":0},"end":{"line":6,"column":3}},"6":{"start":{"line":7,"column":0},"end":{"line":7,"column":0}},"7":{"start":{"line":8,"column":0},"end":{"line":8,"column":94}},"8":{"start":{"line":9,"column":0},"end":{"line":9,"column":20}},"9":{"start":{"line":10,"column":0},"end":{"line":10,"column":20}},"10":{"start":{"line":11,"column":0},"end":{"line":11,"column":2}},"11":{"start":{"line":12,"column":0},"end":{"line":12,"column":0}},"12":{"start":{"line":13,"column":0},"end":{"line":13,"column":87}},"13":{"start":{"line":14,"column":0},"end":{"line":14,"column":90}}},"s":{"0":1,"1":1,"2":1,"3":1,"4":1,"5":1,"6":1,"7":1,"8":13,"9":13,"10":13,"11":1,"12":1,"13":1},"branchMap":{},"b":{},"fnMap":{"0":{"name":"create","decl":{"start":{"line":3,"column":50},"end":{"line":3,"column":6}},"loc":{"start":{"line":3,"column":50},"end":{"line":3,"column":6}},"line":3},"1":{"name":"connect","decl":{"start":{"line":8,"column":32},"end":{"line":11,"column":2}},"loc":{"start":{"line":8,"column":32},"end":{"line":11,"column":2}},"line":8},"2":{"name":"deepTraverse","decl":{"start":{"line":13,"column":58},"end":{"line":13,"column":87}},"loc":{"start":{"line":13,"column":58},"end":{"line":13,"column":87}},"line":13},"3":{"name":"breadthTraverse","decl":{"start":{"line":14,"column":61},"end":{"line":14,"column":90}},"loc":{"start":{"line":14,"column":61},"end":{"line":14,"column":90}},"line":14}},"f":{"0":13,"1":13,"2":1,"3":1}}
}
