{"/home/vtumanov/repo/dsa/src/graph/implementation.ts": {"path":"/home/vtumanov/repo/dsa/src/graph/implementation.ts","all":false,"statementMap":{"0":{"start":{"line":1,"column":0},"end":{"line":1,"column":61}},"1":{"start":{"line":2,"column":0},"end":{"line":2,"column":0}},"2":{"start":{"line":3,"column":0},"end":{"line":3,"column":65}},"3":{"start":{"line":4,"column":0},"end":{"line":4,"column":8}},"4":{"start":{"line":5,"column":0},"end":{"line":5,"column":17}},"5":{"start":{"line":6,"column":0},"end":{"line":6,"column":3}},"6":{"start":{"line":7,"column":0},"end":{"line":7,"column":0}},"7":{"start":{"line":8,"column":0},"end":{"line":8,"column":94}},"8":{"start":{"line":9,"column":0},"end":{"line":9,"column":20}},"9":{"start":{"line":10,"column":0},"end":{"line":10,"column":20}},"10":{"start":{"line":11,"column":0},"end":{"line":11,"column":2}},"11":{"start":{"line":12,"column":0},"end":{"line":12,"column":0}},"12":{"start":{"line":13,"column":0},"end":{"line":13,"column":84}},"13":{"start":{"line":14,"column":0},"end":{"line":14,"column":28}},"14":{"start":{"line":15,"column":0},"end":{"line":15,"column":44}},"15":{"start":{"line":16,"column":0},"end":{"line":16,"column":44}},"16":{"start":{"line":17,"column":0},"end":{"line":17,"column":0}},"17":{"start":{"line":18,"column":0},"end":{"line":18,"column":25}},"18":{"start":{"line":19,"column":0},"end":{"line":19,"column":23}},"19":{"start":{"line":20,"column":0},"end":{"line":20,"column":0}},"20":{"start":{"line":21,"column":0},"end":{"line":21,"column":12}},"21":{"start":{"line":22,"column":0},"end":{"line":22,"column":19}},"22":{"start":{"line":23,"column":0},"end":{"line":23,"column":33}},"23":{"start":{"line":24,"column":0},"end":{"line":24,"column":18}},"24":{"start":{"line":25,"column":0},"end":{"line":25,"column":22}},"25":{"start":{"line":26,"column":0},"end":{"line":26,"column":12}},"26":{"start":{"line":27,"column":0},"end":{"line":27,"column":9}},"27":{"start":{"line":28,"column":0},"end":{"line":28,"column":0}},"28":{"start":{"line":29,"column":0},"end":{"line":29,"column":24}},"29":{"start":{"line":30,"column":0},"end":{"line":30,"column":31}},"30":{"start":{"line":31,"column":0},"end":{"line":31,"column":32}},"31":{"start":{"line":32,"column":0},"end":{"line":32,"column":10}},"32":{"start":{"line":33,"column":0},"end":{"line":33,"column":0}},"33":{"start":{"line":34,"column":0},"end":{"line":34,"column":52}},"34":{"start":{"line":35,"column":0},"end":{"line":35,"column":65}},"35":{"start":{"line":36,"column":0},"end":{"line":36,"column":78}},"36":{"start":{"line":37,"column":0},"end":{"line":37,"column":44}},"37":{"start":{"line":38,"column":0},"end":{"line":38,"column":9}},"38":{"start":{"line":39,"column":0},"end":{"line":39,"column":42}},"39":{"start":{"line":40,"column":0},"end":{"line":40,"column":39}},"40":{"start":{"line":41,"column":0},"end":{"line":41,"column":37}},"41":{"start":{"line":42,"column":0},"end":{"line":42,"column":9}},"42":{"start":{"line":43,"column":0},"end":{"line":43,"column":0}},"43":{"start":{"line":44,"column":0},"end":{"line":44,"column":22}},"44":{"start":{"line":45,"column":0},"end":{"line":45,"column":7}},"45":{"start":{"line":46,"column":0},"end":{"line":46,"column":6}},"46":{"start":{"line":47,"column":0},"end":{"line":47,"column":3}},"47":{"start":{"line":48,"column":0},"end":{"line":48,"column":3}},"48":{"start":{"line":49,"column":0},"end":{"line":49,"column":0}},"49":{"start":{"line":50,"column":0},"end":{"line":50,"column":87}},"50":{"start":{"line":51,"column":0},"end":{"line":51,"column":28}},"51":{"start":{"line":52,"column":0},"end":{"line":52,"column":44}},"52":{"start":{"line":53,"column":0},"end":{"line":53,"column":44}},"53":{"start":{"line":54,"column":0},"end":{"line":54,"column":22}},"54":{"start":{"line":55,"column":0},"end":{"line":55,"column":23}},"55":{"start":{"line":56,"column":0},"end":{"line":56,"column":0}},"56":{"start":{"line":57,"column":0},"end":{"line":57,"column":12}},"57":{"start":{"line":58,"column":0},"end":{"line":58,"column":19}},"58":{"start":{"line":59,"column":0},"end":{"line":59,"column":33}},"59":{"start":{"line":60,"column":0},"end":{"line":60,"column":18}},"60":{"start":{"line":61,"column":0},"end":{"line":61,"column":22}},"61":{"start":{"line":62,"column":0},"end":{"line":62,"column":12}},"62":{"start":{"line":63,"column":0},"end":{"line":63,"column":9}},"63":{"start":{"line":64,"column":0},"end":{"line":64,"column":0}},"64":{"start":{"line":65,"column":0},"end":{"line":65,"column":29}},"65":{"start":{"line":66,"column":0},"end":{"line":66,"column":43}},"66":{"start":{"line":67,"column":0},"end":{"line":67,"column":35}},"67":{"start":{"line":68,"column":0},"end":{"line":68,"column":29}},"68":{"start":{"line":69,"column":0},"end":{"line":69,"column":30}},"69":{"start":{"line":70,"column":0},"end":{"line":70,"column":11}},"70":{"start":{"line":71,"column":0},"end":{"line":71,"column":9}},"71":{"start":{"line":72,"column":0},"end":{"line":72,"column":0}},"72":{"start":{"line":73,"column":0},"end":{"line":73,"column":16}},"73":{"start":{"line":74,"column":0},"end":{"line":74,"column":78}},"74":{"start":{"line":75,"column":0},"end":{"line":75,"column":38}},"75":{"start":{"line":76,"column":0},"end":{"line":76,"column":30}},"76":{"start":{"line":77,"column":0},"end":{"line":77,"column":9}},"77":{"start":{"line":78,"column":0},"end":{"line":78,"column":7}},"78":{"start":{"line":79,"column":0},"end":{"line":79,"column":6}},"79":{"start":{"line":80,"column":0},"end":{"line":80,"column":3}},"80":{"start":{"line":81,"column":0},"end":{"line":81,"column":3}}},"s":{"0":1,"1":1,"2":1,"3":1,"4":1,"5":1,"6":1,"7":1,"8":13,"9":13,"10":13,"11":1,"12":1,"13":1,"14":1,"15":1,"16":1,"17":1,"18":1,"19":1,"20":1,"21":1,"22":6,"23":1,"24":1,"25":1,"26":1,"27":5,"28":5,"29":5,"30":5,"31":5,"32":5,"33":5,"34":6,"35":9,"36":9,"37":9,"38":6,"39":4,"40":4,"41":4,"42":5,"43":5,"44":5,"45":1,"46":1,"47":1,"48":1,"49":1,"50":1,"51":1,"52":1,"53":1,"54":1,"55":1,"56":1,"57":1,"58":6,"59":1,"60":1,"61":1,"62":1,"63":5,"64":5,"65":6,"66":12,"67":4,"68":4,"69":4,"70":12,"71":5,"72":5,"73":5,"74":5,"75":5,"76":5,"77":5,"78":1,"79":1,"80":1},"branchMap":{"0":{"type":"branch","line":3,"loc":{"start":{"line":3,"column":50},"end":{"line":3,"column":6}},"locations":[{"start":{"line":3,"column":50},"end":{"line":3,"column":6}}]},"1":{"type":"branch","line":8,"loc":{"start":{"line":8,"column":32},"end":{"line":11,"column":2}},"locations":[{"start":{"line":8,"column":32},"end":{"line":11,"column":2}}]},"2":{"type":"branch","line":13,"loc":{"start":{"line":13,"column":58},"end":{"line":13,"column":6}},"locations":[{"start":{"line":13,"column":58},"end":{"line":13,"column":6}}]},"3":{"type":"branch","line":14,"loc":{"start":{"line":14,"column":21},"end":{"line":47,"column":3}},"locations":[{"start":{"line":14,"column":21},"end":{"line":47,"column":3}}]},"4":{"type":"branch","line":22,"loc":{"start":{"line":22,"column":12},"end":{"line":45,"column":7}},"locations":[{"start":{"line":22,"column":12},"end":{"line":45,"column":7}}]},"5":{"type":"branch","line":23,"loc":{"start":{"line":23,"column":32},"end":{"line":27,"column":9}},"locations":[{"start":{"line":23,"column":32},"end":{"line":27,"column":9}}]},"6":{"type":"branch","line":28,"loc":{"start":{"line":28,"column":-1},"end":{"line":35,"column":28}},"locations":[{"start":{"line":28,"column":-1},"end":{"line":35,"column":28}}]},"7":{"type":"branch","line":35,"loc":{"start":{"line":35,"column":15},"end":{"line":35,"column":64}},"locations":[{"start":{"line":35,"column":15},"end":{"line":35,"column":64}}]},"8":{"type":"branch","line":35,"loc":{"start":{"line":35,"column":64},"end":{"line":38,"column":9}},"locations":[{"start":{"line":35,"column":64},"end":{"line":38,"column":9}}]},"9":{"type":"branch","line":37,"loc":{"start":{"line":37,"column":30},"end":{"line":37,"column":35}},"locations":[{"start":{"line":37,"column":30},"end":{"line":37,"column":35}}]},"10":{"type":"branch","line":39,"loc":{"start":{"line":39,"column":-1},"end":{"line":39,"column":12}},"locations":[{"start":{"line":39,"column":-1},"end":{"line":39,"column":12}}]},"11":{"type":"branch","line":39,"loc":{"start":{"line":39,"column":41},"end":{"line":42,"column":9}},"locations":[{"start":{"line":39,"column":41},"end":{"line":42,"column":9}}]},"12":{"type":"branch","line":43,"loc":{"start":{"line":43,"column":-1},"end":{"line":45,"column":7}},"locations":[{"start":{"line":43,"column":-1},"end":{"line":45,"column":7}}]},"13":{"type":"branch","line":36,"loc":{"start":{"line":36,"column":50},"end":{"line":36,"column":66}},"locations":[{"start":{"line":36,"column":50},"end":{"line":36,"column":66}}]},"14":{"type":"branch","line":50,"loc":{"start":{"line":50,"column":61},"end":{"line":50,"column":6}},"locations":[{"start":{"line":50,"column":61},"end":{"line":50,"column":6}}]},"15":{"type":"branch","line":51,"loc":{"start":{"line":51,"column":21},"end":{"line":80,"column":3}},"locations":[{"start":{"line":51,"column":21},"end":{"line":80,"column":3}}]},"16":{"type":"branch","line":58,"loc":{"start":{"line":58,"column":12},"end":{"line":78,"column":7}},"locations":[{"start":{"line":58,"column":12},"end":{"line":78,"column":7}}]},"17":{"type":"branch","line":59,"loc":{"start":{"line":59,"column":32},"end":{"line":63,"column":9}},"locations":[{"start":{"line":59,"column":32},"end":{"line":63,"column":9}}]},"18":{"type":"branch","line":64,"loc":{"start":{"line":64,"column":-1},"end":{"line":66,"column":13}},"locations":[{"start":{"line":64,"column":-1},"end":{"line":66,"column":13}}]},"19":{"type":"branch","line":66,"loc":{"start":{"line":66,"column":42},"end":{"line":71,"column":9}},"locations":[{"start":{"line":66,"column":42},"end":{"line":71,"column":9}}]},"20":{"type":"branch","line":67,"loc":{"start":{"line":67,"column":34},"end":{"line":70,"column":11}},"locations":[{"start":{"line":67,"column":34},"end":{"line":70,"column":11}}]},"21":{"type":"branch","line":72,"loc":{"start":{"line":72,"column":-1},"end":{"line":78,"column":7}},"locations":[{"start":{"line":72,"column":-1},"end":{"line":78,"column":7}}]}},"b":{"0":[13],"1":[13],"2":[1],"3":[1],"4":[6],"5":[1],"6":[5],"7":[10],"8":[9],"9":[5],"10":[5],"11":[4],"12":[5],"13":[20],"14":[1],"15":[1],"16":[6],"17":[1],"18":[5],"19":[12],"20":[4],"21":[5]},"fnMap":{"0":{"name":"create","decl":{"start":{"line":3,"column":50},"end":{"line":3,"column":6}},"loc":{"start":{"line":3,"column":50},"end":{"line":3,"column":6}},"line":3},"1":{"name":"connect","decl":{"start":{"line":8,"column":32},"end":{"line":11,"column":2}},"loc":{"start":{"line":8,"column":32},"end":{"line":11,"column":2}},"line":8},"2":{"name":"deepTraverse","decl":{"start":{"line":13,"column":58},"end":{"line":13,"column":6}},"loc":{"start":{"line":13,"column":58},"end":{"line":13,"column":6}},"line":13},"3":{"name":"next","decl":{"start":{"line":22,"column":12},"end":{"line":45,"column":7}},"loc":{"start":{"line":22,"column":12},"end":{"line":45,"column":7}},"line":22},"4":{"name":"breadthTraverse","decl":{"start":{"line":50,"column":61},"end":{"line":50,"column":6}},"loc":{"start":{"line":50,"column":61},"end":{"line":50,"column":6}},"line":50},"5":{"name":"next","decl":{"start":{"line":58,"column":12},"end":{"line":78,"column":7}},"loc":{"start":{"line":58,"column":12},"end":{"line":78,"column":7}},"line":58}},"f":{"0":13,"1":13,"2":1,"3":6,"4":1,"5":6}}
,"/home/vtumanov/repo/dsa/src/linked-lists/implementation.ts": {"path":"/home/vtumanov/repo/dsa/src/linked-lists/implementation.ts","all":false,"statementMap":{"0":{"start":{"line":1,"column":0},"end":{"line":1,"column":13}},"1":{"start":{"line":2,"column":0},"end":{"line":2,"column":9}},"2":{"start":{"line":3,"column":0},"end":{"line":3,"column":9}},"3":{"start":{"line":4,"column":0},"end":{"line":4,"column":14}},"4":{"start":{"line":5,"column":0},"end":{"line":5,"column":5}},"5":{"start":{"line":6,"column":0},"end":{"line":6,"column":8}},"6":{"start":{"line":7,"column":0},"end":{"line":7,"column":10}},"7":{"start":{"line":8,"column":0},"end":{"line":8,"column":13}},"8":{"start":{"line":9,"column":0},"end":{"line":9,"column":6}},"9":{"start":{"line":10,"column":0},"end":{"line":10,"column":17}},"10":{"start":{"line":11,"column":0},"end":{"line":11,"column":0}},"11":{"start":{"line":12,"column":0},"end":{"line":12,"column":56}},"12":{"start":{"line":13,"column":0},"end":{"line":13,"column":31}},"13":{"start":{"line":14,"column":0},"end":{"line":14,"column":16}},"14":{"start":{"line":15,"column":0},"end":{"line":15,"column":30}},"15":{"start":{"line":16,"column":0},"end":{"line":16,"column":28}},"16":{"start":{"line":17,"column":0},"end":{"line":17,"column":14}},"17":{"start":{"line":18,"column":0},"end":{"line":18,"column":21}},"18":{"start":{"line":19,"column":0},"end":{"line":19,"column":22}},"19":{"start":{"line":20,"column":0},"end":{"line":20,"column":20}},"20":{"start":{"line":21,"column":0},"end":{"line":21,"column":25}},"21":{"start":{"line":22,"column":0},"end":{"line":22,"column":26}},"22":{"start":{"line":23,"column":0},"end":{"line":23,"column":14}},"23":{"start":{"line":24,"column":0},"end":{"line":24,"column":11}},"24":{"start":{"line":25,"column":0},"end":{"line":25,"column":26}},"25":{"start":{"line":26,"column":0},"end":{"line":26,"column":33}},"26":{"start":{"line":27,"column":0},"end":{"line":27,"column":29}},"27":{"start":{"line":28,"column":0},"end":{"line":28,"column":12}},"28":{"start":{"line":29,"column":0},"end":{"line":29,"column":27}},"29":{"start":{"line":30,"column":0},"end":{"line":30,"column":24}},"30":{"start":{"line":31,"column":0},"end":{"line":31,"column":10}},"31":{"start":{"line":32,"column":0},"end":{"line":32,"column":8}},"32":{"start":{"line":33,"column":0},"end":{"line":33,"column":6}},"33":{"start":{"line":34,"column":0},"end":{"line":34,"column":4}},"34":{"start":{"line":35,"column":0},"end":{"line":35,"column":0}},"35":{"start":{"line":36,"column":0},"end":{"line":36,"column":14}},"36":{"start":{"line":37,"column":0},"end":{"line":37,"column":2}},"37":{"start":{"line":38,"column":0},"end":{"line":38,"column":0}},"38":{"start":{"line":39,"column":0},"end":{"line":39,"column":89}},"39":{"start":{"line":40,"column":0},"end":{"line":40,"column":26}},"40":{"start":{"line":41,"column":0},"end":{"line":41,"column":18}},"41":{"start":{"line":42,"column":0},"end":{"line":42,"column":21}},"42":{"start":{"line":43,"column":0},"end":{"line":43,"column":4}},"43":{"start":{"line":44,"column":0},"end":{"line":44,"column":21}},"44":{"start":{"line":45,"column":0},"end":{"line":45,"column":2}},"45":{"start":{"line":46,"column":0},"end":{"line":46,"column":0}},"46":{"start":{"line":47,"column":0},"end":{"line":47,"column":100}},"47":{"start":{"line":48,"column":0},"end":{"line":48,"column":16}},"48":{"start":{"line":49,"column":0},"end":{"line":49,"column":64}},"49":{"start":{"line":50,"column":0},"end":{"line":50,"column":3}},"50":{"start":{"line":51,"column":0},"end":{"line":51,"column":18}},"51":{"start":{"line":52,"column":0},"end":{"line":52,"column":34}},"52":{"start":{"line":53,"column":0},"end":{"line":53,"column":3}},"53":{"start":{"line":54,"column":0},"end":{"line":54,"column":0}},"54":{"start":{"line":55,"column":0},"end":{"line":55,"column":22}},"55":{"start":{"line":56,"column":0},"end":{"line":56,"column":60}},"56":{"start":{"line":57,"column":0},"end":{"line":57,"column":33}},"57":{"start":{"line":58,"column":0},"end":{"line":58,"column":38}},"58":{"start":{"line":59,"column":0},"end":{"line":59,"column":21}},"59":{"start":{"line":60,"column":0},"end":{"line":60,"column":3}},"60":{"start":{"line":61,"column":0},"end":{"line":61,"column":22}},"61":{"start":{"line":62,"column":0},"end":{"line":62,"column":70}},"62":{"start":{"line":63,"column":0},"end":{"line":63,"column":3}},"63":{"start":{"line":64,"column":0},"end":{"line":64,"column":0}},"64":{"start":{"line":65,"column":0},"end":{"line":65,"column":28}},"65":{"start":{"line":66,"column":0},"end":{"line":66,"column":18}},"66":{"start":{"line":67,"column":0},"end":{"line":67,"column":28}},"67":{"start":{"line":68,"column":0},"end":{"line":68,"column":4}},"68":{"start":{"line":69,"column":0},"end":{"line":69,"column":30}},"69":{"start":{"line":70,"column":0},"end":{"line":70,"column":2}},"70":{"start":{"line":71,"column":0},"end":{"line":71,"column":0}},"71":{"start":{"line":72,"column":0},"end":{"line":72,"column":73}},"72":{"start":{"line":73,"column":0},"end":{"line":73,"column":20}},"73":{"start":{"line":74,"column":0},"end":{"line":74,"column":52}},"74":{"start":{"line":75,"column":0},"end":{"line":75,"column":3}},"75":{"start":{"line":76,"column":0},"end":{"line":76,"column":31}},"76":{"start":{"line":77,"column":0},"end":{"line":77,"column":2}},"77":{"start":{"line":78,"column":0},"end":{"line":78,"column":0}},"78":{"start":{"line":79,"column":0},"end":{"line":79,"column":98}},"79":{"start":{"line":80,"column":0},"end":{"line":80,"column":16}},"80":{"start":{"line":81,"column":0},"end":{"line":81,"column":64}},"81":{"start":{"line":82,"column":0},"end":{"line":82,"column":3}},"82":{"start":{"line":83,"column":0},"end":{"line":83,"column":18}},"83":{"start":{"line":84,"column":0},"end":{"line":84,"column":23}},"84":{"start":{"line":85,"column":0},"end":{"line":85,"column":3}},"85":{"start":{"line":86,"column":0},"end":{"line":86,"column":0}},"86":{"start":{"line":87,"column":0},"end":{"line":87,"column":22}},"87":{"start":{"line":88,"column":0},"end":{"line":88,"column":60}},"88":{"start":{"line":89,"column":0},"end":{"line":89,"column":33}},"89":{"start":{"line":90,"column":0},"end":{"line":90,"column":38}},"90":{"start":{"line":91,"column":0},"end":{"line":91,"column":21}},"91":{"start":{"line":92,"column":0},"end":{"line":92,"column":3}},"92":{"start":{"line":93,"column":0},"end":{"line":93,"column":44}},"93":{"start":{"line":94,"column":0},"end":{"line":94,"column":66}},"94":{"start":{"line":95,"column":0},"end":{"line":95,"column":3}},"95":{"start":{"line":96,"column":0},"end":{"line":96,"column":45}},"96":{"start":{"line":97,"column":0},"end":{"line":97,"column":2}},"97":{"start":{"line":98,"column":0},"end":{"line":98,"column":0}},"98":{"start":{"line":99,"column":0},"end":{"line":99,"column":80}},"99":{"start":{"line":100,"column":0},"end":{"line":100,"column":21}},"100":{"start":{"line":101,"column":0},"end":{"line":101,"column":59}},"101":{"start":{"line":102,"column":0},"end":{"line":102,"column":28}},"102":{"start":{"line":103,"column":0},"end":{"line":103,"column":36}},"103":{"start":{"line":104,"column":0},"end":{"line":104,"column":20}},"104":{"start":{"line":105,"column":0},"end":{"line":105,"column":3}},"105":{"start":{"line":106,"column":0},"end":{"line":106,"column":21}},"106":{"start":{"line":107,"column":0},"end":{"line":107,"column":66}},"107":{"start":{"line":108,"column":0},"end":{"line":108,"column":3}},"108":{"start":{"line":109,"column":0},"end":{"line":109,"column":0}},"109":{"start":{"line":110,"column":0},"end":{"line":110,"column":26}},"110":{"start":{"line":111,"column":0},"end":{"line":111,"column":2}}},"s":{"0":1,"1":1,"2":1,"3":1,"4":1,"5":1,"6":1,"7":1,"8":1,"9":1,"10":1,"11":1,"12":16,"13":16,"14":16,"15":6,"16":6,"17":6,"18":23,"19":6,"20":6,"21":6,"22":6,"23":6,"24":17,"25":17,"26":17,"27":17,"28":17,"29":17,"30":17,"31":6,"32":6,"33":16,"34":16,"35":16,"36":16,"37":1,"38":1,"39":39,"40":39,"41":39,"42":39,"43":39,"44":39,"45":1,"46":1,"47":4,"48":1,"49":1,"50":4,"51":1,"52":1,"53":2,"54":2,"55":2,"56":4,"57":10000,"58":10000,"59":10000,"60":4,"61":1,"62":1,"63":1,"64":1,"65":1,"66":1,"67":1,"68":1,"69":1,"70":1,"71":1,"72":3,"73":1,"74":1,"75":2,"76":2,"77":1,"78":1,"79":5,"80":1,"81":1,"82":5,"83":1,"84":1,"85":3,"86":3,"87":3,"88":5,"89":10000,"90":10000,"91":10000,"92":5,"93":1,"94":1,"95":2,"96":2,"97":1,"98":1,"99":2,"100":2,"101":2,"102":10001,"103":10001,"104":10001,"105":2,"106":1,"107":1,"108":1,"109":1,"110":1},"branchMap":{"0":{"type":"branch","line":12,"loc":{"start":{"line":12,"column":30},"end":{"line":37,"column":2}},"locations":[{"start":{"line":12,"column":30},"end":{"line":37,"column":2}}]},"1":{"type":"branch","line":15,"loc":{"start":{"line":15,"column":23},"end":{"line":33,"column":6}},"locations":[{"start":{"line":15,"column":23},"end":{"line":33,"column":6}}]},"2":{"type":"branch","line":18,"loc":{"start":{"line":18,"column":14},"end":{"line":31,"column":10}},"locations":[{"start":{"line":18,"column":14},"end":{"line":31,"column":10}}]},"3":{"type":"branch","line":19,"loc":{"start":{"line":19,"column":21},"end":{"line":24,"column":11}},"locations":[{"start":{"line":19,"column":21},"end":{"line":24,"column":11}}]},"4":{"type":"branch","line":25,"loc":{"start":{"line":25,"column":-1},"end":{"line":31,"column":10}},"locations":[{"start":{"line":25,"column":-1},"end":{"line":31,"column":10}}]},"5":{"type":"branch","line":39,"loc":{"start":{"line":39,"column":32},"end":{"line":45,"column":2}},"locations":[{"start":{"line":39,"column":32},"end":{"line":45,"column":2}}]},"6":{"type":"branch","line":47,"loc":{"start":{"line":47,"column":30},"end":{"line":70,"column":2}},"locations":[{"start":{"line":47,"column":30},"end":{"line":70,"column":2}}]},"7":{"type":"branch","line":48,"loc":{"start":{"line":48,"column":15},"end":{"line":50,"column":3}},"locations":[{"start":{"line":48,"column":15},"end":{"line":50,"column":3}}]},"8":{"type":"branch","line":51,"loc":{"start":{"line":51,"column":-1},"end":{"line":51,"column":6}},"locations":[{"start":{"line":51,"column":-1},"end":{"line":51,"column":6}}]},"9":{"type":"branch","line":51,"loc":{"start":{"line":51,"column":17},"end":{"line":53,"column":3}},"locations":[{"start":{"line":51,"column":17},"end":{"line":53,"column":3}}]},"10":{"type":"branch","line":54,"loc":{"start":{"line":54,"column":-1},"end":{"line":57,"column":9}},"locations":[{"start":{"line":54,"column":-1},"end":{"line":57,"column":9}}]},"11":{"type":"branch","line":57,"loc":{"start":{"line":57,"column":32},"end":{"line":60,"column":3}},"locations":[{"start":{"line":57,"column":32},"end":{"line":60,"column":3}}]},"12":{"type":"branch","line":58,"loc":{"start":{"line":58,"column":16},"end":{"line":58,"column":19}},"locations":[{"start":{"line":58,"column":16},"end":{"line":58,"column":19}}]},"13":{"type":"branch","line":58,"loc":{"start":{"line":58,"column":16},"end":{"line":58,"column":19}},"locations":[{"start":{"line":58,"column":16},"end":{"line":58,"column":19}}]},"14":{"type":"branch","line":58,"loc":{"start":{"line":58,"column":16},"end":{"line":58,"column":38}},"locations":[{"start":{"line":58,"column":16},"end":{"line":58,"column":38}}]},"15":{"type":"branch","line":61,"loc":{"start":{"line":61,"column":-1},"end":{"line":61,"column":6}},"locations":[{"start":{"line":61,"column":-1},"end":{"line":61,"column":6}}]},"16":{"type":"branch","line":61,"loc":{"start":{"line":61,"column":21},"end":{"line":70,"column":2}},"locations":[{"start":{"line":61,"column":21},"end":{"line":70,"column":2}}]},"17":{"type":"branch","line":72,"loc":{"start":{"line":72,"column":48},"end":{"line":77,"column":2}},"locations":[{"start":{"line":72,"column":48},"end":{"line":77,"column":2}}]},"18":{"type":"branch","line":73,"loc":{"start":{"line":73,"column":19},"end":{"line":75,"column":3}},"locations":[{"start":{"line":73,"column":19},"end":{"line":75,"column":3}}]},"19":{"type":"branch","line":76,"loc":{"start":{"line":76,"column":-1},"end":{"line":77,"column":2}},"locations":[{"start":{"line":76,"column":-1},"end":{"line":77,"column":2}}]},"20":{"type":"branch","line":79,"loc":{"start":{"line":79,"column":40},"end":{"line":97,"column":2}},"locations":[{"start":{"line":79,"column":40},"end":{"line":97,"column":2}}]},"21":{"type":"branch","line":80,"loc":{"start":{"line":80,"column":15},"end":{"line":82,"column":3}},"locations":[{"start":{"line":80,"column":15},"end":{"line":82,"column":3}}]},"22":{"type":"branch","line":83,"loc":{"start":{"line":83,"column":-1},"end":{"line":83,"column":6}},"locations":[{"start":{"line":83,"column":-1},"end":{"line":83,"column":6}}]},"23":{"type":"branch","line":83,"loc":{"start":{"line":83,"column":17},"end":{"line":85,"column":3}},"locations":[{"start":{"line":83,"column":17},"end":{"line":85,"column":3}}]},"24":{"type":"branch","line":86,"loc":{"start":{"line":86,"column":-1},"end":{"line":89,"column":9}},"locations":[{"start":{"line":86,"column":-1},"end":{"line":89,"column":9}}]},"25":{"type":"branch","line":89,"loc":{"start":{"line":89,"column":32},"end":{"line":92,"column":3}},"locations":[{"start":{"line":89,"column":32},"end":{"line":92,"column":3}}]},"26":{"type":"branch","line":90,"loc":{"start":{"line":90,"column":16},"end":{"line":90,"column":19}},"locations":[{"start":{"line":90,"column":16},"end":{"line":90,"column":19}}]},"27":{"type":"branch","line":90,"loc":{"start":{"line":90,"column":16},"end":{"line":90,"column":19}},"locations":[{"start":{"line":90,"column":16},"end":{"line":90,"column":19}}]},"28":{"type":"branch","line":90,"loc":{"start":{"line":90,"column":16},"end":{"line":90,"column":38}},"locations":[{"start":{"line":90,"column":16},"end":{"line":90,"column":38}}]},"29":{"type":"branch","line":93,"loc":{"start":{"line":93,"column":-1},"end":{"line":93,"column":7}},"locations":[{"start":{"line":93,"column":-1},"end":{"line":93,"column":7}}]},"30":{"type":"branch","line":93,"loc":{"start":{"line":93,"column":6},"end":{"line":93,"column":43}},"locations":[{"start":{"line":93,"column":6},"end":{"line":93,"column":43}}]},"31":{"type":"branch","line":93,"loc":{"start":{"line":93,"column":43},"end":{"line":95,"column":3}},"locations":[{"start":{"line":93,"column":43},"end":{"line":95,"column":3}}]},"32":{"type":"branch","line":96,"loc":{"start":{"line":96,"column":-1},"end":{"line":97,"column":2}},"locations":[{"start":{"line":96,"column":-1},"end":{"line":97,"column":2}}]},"33":{"type":"branch","line":99,"loc":{"start":{"line":99,"column":22},"end":{"line":111,"column":2}},"locations":[{"start":{"line":99,"column":22},"end":{"line":111,"column":2}}]},"34":{"type":"branch","line":102,"loc":{"start":{"line":102,"column":27},"end":{"line":105,"column":3}},"locations":[{"start":{"line":102,"column":27},"end":{"line":105,"column":3}}]},"35":{"type":"branch","line":103,"loc":{"start":{"line":103,"column":15},"end":{"line":103,"column":18}},"locations":[{"start":{"line":103,"column":15},"end":{"line":103,"column":18}}]},"36":{"type":"branch","line":103,"loc":{"start":{"line":103,"column":15},"end":{"line":103,"column":18}},"locations":[{"start":{"line":103,"column":15},"end":{"line":103,"column":18}}]},"37":{"type":"branch","line":103,"loc":{"start":{"line":103,"column":15},"end":{"line":103,"column":36}},"locations":[{"start":{"line":103,"column":15},"end":{"line":103,"column":36}}]},"38":{"type":"branch","line":106,"loc":{"start":{"line":106,"column":20},"end":{"line":111,"column":2}},"locations":[{"start":{"line":106,"column":20},"end":{"line":111,"column":2}}]}},"b":{"0":[16],"1":[6],"2":[23],"3":[6],"4":[17],"5":[39],"6":[4],"7":[1],"8":[3],"9":[1],"10":[2],"11":[10000],"12":[9999],"13":[9996],"14":[4],"15":[2],"16":[1],"17":[3],"18":[1],"19":[2],"20":[5],"21":[1],"22":[4],"23":[1],"24":[3],"25":[10000],"26":[9999],"27":[9996],"28":[4],"29":[3],"30":[2],"31":[1],"32":[2],"33":[2],"34":[10001],"35":[10000],"36":[9997],"37":[4],"38":[1]},"fnMap":{"0":{"name":"create","decl":{"start":{"line":12,"column":30},"end":{"line":37,"column":2}},"loc":{"start":{"line":12,"column":30},"end":{"line":37,"column":2}},"line":12},"1":{"name":"list","decl":{"start":{"line":15,"column":23},"end":{"line":33,"column":6}},"loc":{"start":{"line":15,"column":23},"end":{"line":33,"column":6}},"line":15},"2":{"name":"next","decl":{"start":{"line":18,"column":14},"end":{"line":31,"column":10}},"loc":{"start":{"line":18,"column":14},"end":{"line":31,"column":10}},"line":18},"3":{"name":"unshift","decl":{"start":{"line":39,"column":32},"end":{"line":45,"column":2}},"loc":{"start":{"line":39,"column":32},"end":{"line":45,"column":2}},"line":39},"4":{"name":"insert","decl":{"start":{"line":47,"column":30},"end":{"line":70,"column":2}},"loc":{"start":{"line":47,"column":30},"end":{"line":70,"column":2}},"line":47},"5":{"name":"shift","decl":{"start":{"line":72,"column":48},"end":{"line":77,"column":2}},"loc":{"start":{"line":72,"column":48},"end":{"line":77,"column":2}},"line":72},"6":{"name":"removeByKey","decl":{"start":{"line":79,"column":40},"end":{"line":97,"column":2}},"loc":{"start":{"line":79,"column":40},"end":{"line":97,"column":2}},"line":79},"7":{"name":"at","decl":{"start":{"line":99,"column":22},"end":{"line":111,"column":2}},"loc":{"start":{"line":99,"column":22},"end":{"line":111,"column":2}},"line":99}},"f":{"0":16,"1":6,"2":23,"3":39,"4":4,"5":3,"6":5,"7":2}}
}
