TN:
SF:src/linked-lists/implementation.ts
FN:13,create
FN:16,list
FN:19,next
FN:40,unshift
FN:48,insert
FN:73,shift
FN:80,removeByKey
FN:100,at
FNF:8
FNH:8
FNDA:16,create
FNDA:6,list
FNDA:23,next
FNDA:39,unshift
FNDA:4,insert
FNDA:3,shift
FNDA:5,removeByKey
FNDA:2,at
DA:1,1
DA:2,1
DA:3,1
DA:4,1
DA:5,1
DA:6,1
DA:7,1
DA:8,1
DA:9,1
DA:10,1
DA:11,1
DA:12,1
DA:13,1
DA:14,16
DA:15,16
DA:16,16
DA:17,6
DA:18,6
DA:19,6
DA:20,23
DA:21,6
DA:22,6
DA:23,6
DA:24,6
DA:25,6
DA:26,17
DA:27,17
DA:28,17
DA:29,17
DA:30,17
DA:31,17
DA:32,17
DA:33,6
DA:34,6
DA:35,16
DA:36,16
DA:37,16
DA:38,16
DA:39,1
DA:40,1
DA:41,39
DA:42,39
DA:43,39
DA:44,39
DA:45,39
DA:46,39
DA:47,1
DA:48,1
DA:49,4
DA:50,1
DA:51,1
DA:52,4
DA:53,1
DA:54,1
DA:55,2
DA:56,2
DA:57,2
DA:58,4
DA:59,10000
DA:60,10000
DA:61,10000
DA:62,4
DA:63,1
DA:64,1
DA:65,1
DA:66,1
DA:67,1
DA:68,1
DA:69,1
DA:70,1
DA:71,1
DA:72,1
DA:73,1
DA:74,3
DA:75,1
DA:76,1
DA:77,2
DA:78,2
DA:79,1
DA:80,1
DA:81,5
DA:82,1
DA:83,1
DA:84,5
DA:85,1
DA:86,1
DA:87,3
DA:88,3
DA:89,3
DA:90,5
DA:91,10000
DA:92,10000
DA:93,10000
DA:94,5
DA:95,1
DA:96,1
DA:97,2
DA:98,2
DA:99,1
DA:100,1
DA:101,2
DA:102,2
DA:103,2
DA:104,10001
DA:105,10001
DA:106,10001
DA:107,2
DA:108,1
DA:109,1
DA:110,1
DA:111,1
DA:112,1
LF:112
LH:112
BRDA:13,0,0,16
BRDA:16,1,0,6
BRDA:19,2,0,23
BRDA:20,3,0,6
BRDA:26,4,0,17
BRDA:40,5,0,39
BRDA:48,6,0,4
BRDA:49,7,0,1
BRDA:52,8,0,3
BRDA:52,9,0,1
BRDA:55,10,0,2
BRDA:58,11,0,10000
BRDA:59,12,0,9999
BRDA:59,13,0,9996
BRDA:59,14,0,4
BRDA:62,15,0,2
BRDA:62,16,0,1
BRDA:73,17,0,3
BRDA:74,18,0,1
BRDA:77,19,0,2
BRDA:80,20,0,5
BRDA:81,21,0,1
BRDA:84,22,0,4
BRDA:84,23,0,1
BRDA:87,24,0,3
BRDA:90,25,0,10000
BRDA:91,26,0,9999
BRDA:91,27,0,9996
BRDA:91,28,0,4
BRDA:94,29,0,3
BRDA:94,30,0,2
BRDA:94,31,0,1
BRDA:97,32,0,2
BRDA:100,33,0,2
BRDA:103,34,0,10001
BRDA:104,35,0,10000
BRDA:104,36,0,9997
BRDA:104,37,0,4
BRDA:107,38,0,1
BRF:39
BRH:39
end_of_record
