TN:
SF:src/graph/implementation.ts
FN:3,create
FN:8,connect
FN:13,deepTraverse
FN:22,next
FN:50,breadthTraverse
FN:58,next
FNF:6
FNH:6
FNDA:13,create
FNDA:13,connect
FNDA:1,deepTraverse
FNDA:6,next
FNDA:1,breadthTraverse
FNDA:6,next
DA:1,1
DA:2,1
DA:3,1
DA:4,1
DA:5,1
DA:6,1
DA:7,1
DA:8,1
DA:9,13
DA:10,13
DA:11,13
DA:12,1
DA:13,1
DA:14,1
DA:15,1
DA:16,1
DA:17,1
DA:18,1
DA:19,1
DA:20,1
DA:21,1
DA:22,1
DA:23,6
DA:24,1
DA:25,1
DA:26,1
DA:27,1
DA:28,5
DA:29,5
DA:30,5
DA:31,5
DA:32,5
DA:33,5
DA:34,5
DA:35,6
DA:36,9
DA:37,9
DA:38,9
DA:39,6
DA:40,4
DA:41,4
DA:42,4
DA:43,5
DA:44,5
DA:45,5
DA:46,1
DA:47,1
DA:48,1
DA:49,1
DA:50,1
DA:51,1
DA:52,1
DA:53,1
DA:54,1
DA:55,1
DA:56,1
DA:57,1
DA:58,1
DA:59,6
DA:60,1
DA:61,1
DA:62,1
DA:63,1
DA:64,5
DA:65,5
DA:66,6
DA:67,12
DA:68,4
DA:69,4
DA:70,4
DA:71,12
DA:72,5
DA:73,5
DA:74,5
DA:75,5
DA:76,5
DA:77,5
DA:78,5
DA:79,1
DA:80,1
DA:81,1
LF:81
LH:81
BRDA:3,0,0,13
BRDA:8,1,0,13
BRDA:13,2,0,1
BRDA:14,3,0,1
BRDA:22,4,0,6
BRDA:23,5,0,1
BRDA:28,6,0,5
BRDA:35,7,0,10
BRDA:35,8,0,9
BRDA:37,9,0,5
BRDA:39,10,0,5
BRDA:39,11,0,4
BRDA:43,12,0,5
BRDA:36,13,0,20
BRDA:50,14,0,1
BRDA:51,15,0,1
BRDA:58,16,0,6
BRDA:59,17,0,1
BRDA:64,18,0,5
BRDA:66,19,0,12
BRDA:67,20,0,4
BRDA:72,21,0,5
BRF:22
BRH:22
end_of_record
TN:
SF:src/linked-lists/implementation.ts
FN:12,create
FN:15,list
FN:18,next
FN:39,unshift
FN:47,insert
FN:72,shift
FN:79,removeByKey
FN:99,at
FNF:8
FNH:8
FNDA:16,create
FNDA:6,list
FNDA:23,next
FNDA:39,unshift
FNDA:4,insert
FNDA:3,shift
FNDA:5,removeByKey
FNDA:2,at
DA:1,1
DA:2,1
DA:3,1
DA:4,1
DA:5,1
DA:6,1
DA:7,1
DA:8,1
DA:9,1
DA:10,1
DA:11,1
DA:12,1
DA:13,16
DA:14,16
DA:15,16
DA:16,6
DA:17,6
DA:18,6
DA:19,23
DA:20,6
DA:21,6
DA:22,6
DA:23,6
DA:24,6
DA:25,17
DA:26,17
DA:27,17
DA:28,17
DA:29,17
DA:30,17
DA:31,17
DA:32,6
DA:33,6
DA:34,16
DA:35,16
DA:36,16
DA:37,16
DA:38,1
DA:39,1
DA:40,39
DA:41,39
DA:42,39
DA:43,39
DA:44,39
DA:45,39
DA:46,1
DA:47,1
DA:48,4
DA:49,1
DA:50,1
DA:51,4
DA:52,1
DA:53,1
DA:54,2
DA:55,2
DA:56,2
DA:57,4
DA:58,10000
DA:59,10000
DA:60,10000
DA:61,4
DA:62,1
DA:63,1
DA:64,1
DA:65,1
DA:66,1
DA:67,1
DA:68,1
DA:69,1
DA:70,1
DA:71,1
DA:72,1
DA:73,3
DA:74,1
DA:75,1
DA:76,2
DA:77,2
DA:78,1
DA:79,1
DA:80,5
DA:81,1
DA:82,1
DA:83,5
DA:84,1
DA:85,1
DA:86,3
DA:87,3
DA:88,3
DA:89,5
DA:90,10000
DA:91,10000
DA:92,10000
DA:93,5
DA:94,1
DA:95,1
DA:96,2
DA:97,2
DA:98,1
DA:99,1
DA:100,2
DA:101,2
DA:102,2
DA:103,10001
DA:104,10001
DA:105,10001
DA:106,2
DA:107,1
DA:108,1
DA:109,1
DA:110,1
DA:111,1
LF:111
LH:111
BRDA:12,0,0,16
BRDA:15,1,0,6
BRDA:18,2,0,23
BRDA:19,3,0,6
BRDA:25,4,0,17
BRDA:39,5,0,39
BRDA:47,6,0,4
BRDA:48,7,0,1
BRDA:51,8,0,3
BRDA:51,9,0,1
BRDA:54,10,0,2
BRDA:57,11,0,10000
BRDA:58,12,0,9999
BRDA:58,13,0,9996
BRDA:58,14,0,4
BRDA:61,15,0,2
BRDA:61,16,0,1
BRDA:72,17,0,3
BRDA:73,18,0,1
BRDA:76,19,0,2
BRDA:79,20,0,5
BRDA:80,21,0,1
BRDA:83,22,0,4
BRDA:83,23,0,1
BRDA:86,24,0,3
BRDA:89,25,0,10000
BRDA:90,26,0,9999
BRDA:90,27,0,9996
BRDA:90,28,0,4
BRDA:93,29,0,3
BRDA:93,30,0,2
BRDA:93,31,0,1
BRDA:96,32,0,2
BRDA:99,33,0,2
BRDA:102,34,0,10001
BRDA:103,35,0,10000
BRDA:103,36,0,9997
BRDA:103,37,0,4
BRDA:106,38,0,1
BRF:39
BRH:39
end_of_record
